[0.321s] Invoking command in '/home/reynash/volume_control/src/volume_control': PYTHONPATH=/home/reynash/volume_control/build/volume_control/prefix_override:/home/reynash/volume_control/install/volume_control/lib/python3.10/site-packages:${PYTHONPATH} /usr/bin/python3 -W ignore:setup.py install is deprecated setup.py egg_info --egg-base ../../build/volume_control build --build-base /home/reynash/volume_control/build/volume_control/build install --record /home/reynash/volume_control/build/volume_control/install.log --single-version-externally-managed install_data
[0.446s] running egg_info
[0.446s] creating ../../build/volume_control/volume_control.egg-info
[0.446s] writing ../../build/volume_control/volume_control.egg-info/PKG-INFO
[0.446s] writing dependency_links to ../../build/volume_control/volume_control.egg-info/dependency_links.txt
[0.446s] writing entry points to ../../build/volume_control/volume_control.egg-info/entry_points.txt
[0.446s] writing requirements to ../../build/volume_control/volume_control.egg-info/requires.txt
[0.446s] writing top-level names to ../../build/volume_control/volume_control.egg-info/top_level.txt
[0.446s] writing manifest file '../../build/volume_control/volume_control.egg-info/SOURCES.txt'
[0.447s] reading manifest file '../../build/volume_control/volume_control.egg-info/SOURCES.txt'
[0.447s] writing manifest file '../../build/volume_control/volume_control.egg-info/SOURCES.txt'
[0.448s] running build
[0.448s] running build_py
[0.448s] creating /home/reynash/volume_control/build/volume_control/build
[0.448s] creating /home/reynash/volume_control/build/volume_control/build/lib
[0.448s] creating /home/reynash/volume_control/build/volume_control/build/lib/volume_control
[0.448s] copying volume_control/__init__.py -> /home/reynash/volume_control/build/volume_control/build/lib/volume_control
[0.448s] copying volume_control/volume_control_node.py -> /home/reynash/volume_control/build/volume_control/build/lib/volume_control
[0.448s] running install
[0.448s] running install_lib
[0.448s] creating /home/reynash/volume_control/install/volume_control/lib/python3.10/site-packages/volume_control
[0.448s] copying /home/reynash/volume_control/build/volume_control/build/lib/volume_control/__init__.py -> /home/reynash/volume_control/install/volume_control/lib/python3.10/site-packages/volume_control
[0.448s] copying /home/reynash/volume_control/build/volume_control/build/lib/volume_control/volume_control_node.py -> /home/reynash/volume_control/install/volume_control/lib/python3.10/site-packages/volume_control
[0.449s] byte-compiling /home/reynash/volume_control/install/volume_control/lib/python3.10/site-packages/volume_control/__init__.py to __init__.cpython-310.pyc
[0.449s] byte-compiling /home/reynash/volume_control/install/volume_control/lib/python3.10/site-packages/volume_control/volume_control_node.py to volume_control_node.cpython-310.pyc
[0.449s] running install_data
[0.449s] creating /home/reynash/volume_control/install/volume_control/share/ament_index
[0.449s] creating /home/reynash/volume_control/install/volume_control/share/ament_index/resource_index
[0.449s] creating /home/reynash/volume_control/install/volume_control/share/ament_index/resource_index/packages
[0.449s] copying resource/volume_control -> /home/reynash/volume_control/install/volume_control/share/ament_index/resource_index/packages
[0.449s] copying package.xml -> /home/reynash/volume_control/install/volume_control/share/volume_control
[0.449s] running install_egg_info
[0.450s] Copying ../../build/volume_control/volume_control.egg-info to /home/reynash/volume_control/install/volume_control/lib/python3.10/site-packages/volume_control-0.0.0-py3.10.egg-info
[0.451s] running install_scripts
[0.463s] Installing volume_control_node script to /home/reynash/volume_control/install/volume_control/lib/volume_control
[0.463s] writing list of installed files to '/home/reynash/volume_control/build/volume_control/install.log'
[0.477s] Invoked command in '/home/reynash/volume_control/src/volume_control' returned '0': PYTHONPATH=/home/reynash/volume_control/build/volume_control/prefix_override:/home/reynash/volume_control/install/volume_control/lib/python3.10/site-packages:${PYTHONPATH} /usr/bin/python3 -W ignore:setup.py install is deprecated setup.py egg_info --egg-base ../../build/volume_control build --build-base /home/reynash/volume_control/build/volume_control/build install --record /home/reynash/volume_control/build/volume_control/install.log --single-version-externally-managed install_data
